[2026-07-21 20:15:16] [MainThread]:【api.update_domain.success】获取到最新的API域名，替换jmcomic内置域名：(new)['www.cdnhjk.net', 'www.cdngwc.cc', 'www.cdngwc.net', 'www.cdngwc.club', 'www.cdnutc.me'] ---→ (old)['www.cdngwc.net', 'www.cdngwc.club', 'www.cdnhjk.net', 'www.cdngwc.cc']
[2026-07-21 20:15:16] [MainThread]:【api】https://www.cdnhjk.net/setting
[2026-07-21 20:15:16] [MainThread]:【api.setting】change APP_VERSION from [2.0.28] to [2.0.29]
====================
开始下载: 1449366
====================
[2026-07-21 20:15:16] [MainThread]:【api】https://www.cdnhjk.net/album?id=1449366
共 1 个章节
[2026-07-21 20:15:17] [MainThread]:【api】https://www.cdnhjk.net/album?id=1449366
[2026-07-21 20:15:18] [MainThread]:【album.before】本子获取成功: [1449366], 作者: [白土], 章节数: [1], 总页数: [0], 标题: [[白土]ふたなり体验教练], 关键词: ['全彩', '巨乳', '黑肉', '扶他', '中文']
[2026-07-21 20:15:18] [Thread-1 (download_by_photo_detail)]:【api】https://www.cdnhjk.net/chapter?id=1449366
[2026-07-21 20:15:19] [Thread-1 (download_by_photo_detail)]:【api】https://www.cdnhjk.net/chapter_view_template?id=1449366&mode=vertical&page=0&app_img_shunt=1&express=off&v=1784636119
[2026-07-21 20:15:19] [Thread-1 (download_by_photo_detail)]:【photo.before】开始下载章节: 1449366 (1449366[1/1]), 标题: [[白土]ふたなり体验教练], 图片数为[38]
[2026-07-21 20:15:19] [download_by_image_detail_thread_pool_executor_0]:【image.before】图片准备下载: 1449366/00001.webp [1/38], [https://cdn-msp3.jmapinodeudzn.net/media/photos/1449366/00001.webp] → [C:/Users/Q/Desktop/jmcomic-web/downloads/1449366/1449366\00001.jpg]
[2026-07-21 20:15:19] [download_by_image_detail_thread_pool_executor_13]:【image.before】图片准备下载: 1449366/00014.webp [14/38], [https://cdn-msp3.jmapinodeudzn.net/media/photos/1449366/00014.webp] → [C:/Users/Q/Desktop/jmcomic-web/downloads/1449366/1449366\00014.jpg]
[2026-07-21 20:15:19] [download_by_image_detail_thread_pool_executor_11]:【image.before】图片准备下载: 1449366/00012.webp [12/38], [https://cdn-msp3.jmapinodeudzn.net/media/photos/1449366/00012.webp] → [C:/Users/Q/Desktop/jmcomic-web/downloads/1449366/1449366\00012.jpg]
[2026-07-21 20:15:19] [download_by_image_detail_thread_pool_executor_12]:【image.before】图片准备下载: 1449366/00013.webp [13/38], [https://cdn-msp3.jmapinodeudzn.net/media/photos/1449366/00013.webp] → [C:/Users/Q/Desktop/jmcomic-web/downloads/1449366/1449366\00013.jpg]
[2026-07-21 20:15:19] [download_by_image_detail_thread_pool_executor_14]:【image.before】图片准备下载: 1449366/00015.webp [15/38], [https://cdn-msp3.jmapinodeudzn.net/media/photos/1449366/00015.webp] → [C:/Users/Q/Desktop/jmcomic-web/downloads/1449366/1449366\00015.jpg]
[2026-07-21 20:15:19] [download_by_image_detail_thread_pool_executor_16]:【image.before】图片准备下载: 1449366/00017.webp [17/38], [https://cdn-msp3.jmapinodeudzn.net/media/photos/1449366/00017.webp] → [C:/Users/Q/Desktop/jmcomic-web/downloads/1449366/1449366\00017.jpg]
[2026-07-21 20:15:19] [download_by_image_detail_thread_pool_executor_15]:【image.before】图片准备下载: 1449366/00016.webp [16/38], [https://cdn-msp3.jmapinodeudzn.net/media/photos/1449366/00016.webp] → [C:/Users/Q/Desktop/jmcomic-web/downloads/1449366/1449366\00016.jpg]
[2026-07-21 20:15:19] [download_by_image_detail_thread_pool_executor_17]:【image.before】图片准备下载: 1449366/00018.webp [18/38], [https://cdn-msp3.jmapinodeudzn.net/media/photos/1449366/00018.webp] → [C:/Users/Q/Desktop/jmcomic-web/downloads/1449366/1449366\00018.jpg]
[2026-07-21 20:15:19] [download_by_image_detail_thread_pool_executor_4]:【image.before】图片准备下载: 1449366/00005.webp [5/38], [https://cdn-msp3.jmapinodeudzn.net/media/photos/1449366/00005.webp] → [C:/Users/Q/Desktop/jmcomic-web/downloads/1449366/1449366\00005.jpg]
[2026-07-21 20:15:19] [download_by_image_detail_thread_pool_executor_3]:【image.before】图片准备下载: 1449366/00004.webp [4/38], [https://cdn-msp3.jmapinodeudzn.net/media/photos/1449366/00004.webp] → [C:/Users/Q/Desktop/jmcomic-web/downloads/1449366/1449366\00004.jpg]
[2026-07-21 20:15:19] [download_by_image_detail_thread_pool_executor_1]:【image.before】图片准备下载: 1449366/00002.webp [2/38], [https://cdn-msp3.jmapinodeudzn.net/media/photos/1449366/00002.webp] → [C:/Users/Q/Desktop/jmcomic-web/downloads/1449366/1449366\00002.jpg]
[2026-07-21 20:15:19] [download_by_image_detail_thread_pool_executor_5]:【image.before】图片准备下载: 1449366/00006.webp [6/38], [https://cdn-msp3.jmapinodeudzn.net/media/photos/1449366/00006.webp] → [C:/Users/Q/Desktop/jmcomic-web/downloads/1449366/1449366\00006.jpg]
[2026-07-21 20:15:19] [download_by_image_detail_thread_pool_executor_6]:【image.before】图片准备下载: 1449366/00007.webp [7/38], [https://cdn-msp3.jmapinodeudzn.net/media/photos/1449366/00007.webp] → [C:/Users/Q/Desktop/jmcomic-web/downloads/1449366/1449366\00007.jpg]
[2026-07-21 20:15:19] [download_by_image_detail_thread_pool_executor_7]:【image.before】图片准备下载: 1449366/00008.webp [8/38], [https://cdn-msp3.jmapinodeudzn.net/media/photos/1449366/00008.webp] → [C:/Users/Q/Desktop/jmcomic-web/downloads/1449366/1449366\00008.jpg]
[2026-07-21 20:15:19] [download_by_image_detail_thread_pool_executor_2]:【image.before】图片准备下载: 1449366/00003.webp [3/38], [https://cdn-msp3.jmapinodeudzn.net/media/photos/1449366/00003.webp] → [C:/Users/Q/Desktop/jmcomic-web/downloads/1449366/1449366\00003.jpg]
[2026-07-21 20:15:19] [download_by_image_detail_thread_pool_executor_18]:【image.before】图片准备下载: 1449366/00019.webp [19/38], [https://cdn-msp3.jmapinodeudzn.net/media/photos/1449366/00019.webp] → [C:/Users/Q/Desktop/jmcomic-web/downloads/1449366/1449366/00019.jpg]
[2026-07-21 20:15:19] [download_by_image_detail_thread_pool_executor_20]:【image.before】图片准备下载: 1449366/00021.webp [21/38], [https://cdn-msp3.jmapinodeudzn.net/media/photos/1449366/00021.webp] → [C:/Users/Q/Desktop/jmcomic-web/downloads/1449366/1449366/00021.jpg]
[2026-07-21 20:15:19] [download_by_image_detail_thread_pool_executor_19]:【image.before】图片准备下载: 1449366/00020.webp [20/38], [https://cdn-msp3.jmapinodeudzn.net/media/photos/1449366/00020.webp] → [C:/Users/Q/Desktop/jmcomic-web/downloads/1449366/1449366/00020.jpg]
[2026-07-21 20:15:19] [download_by_image_detail_thread_pool_executor_21]:【image.before】图片准备下载: 1449366/00022.webp [22/38], [https://cdn-msp3.jmapinodeudzn.net/media/photos/1449366/00022.webp] → [C:/Users/Q/Desktop/jmcomic-web/downloads/1449366/1449366/00022.jpg]
[2026-07-21 20:15:19] [download_by_image_detail_thread_pool_executor_22]:【image.before】图片准备下载: 1449366/00023.webp [23/38], [https://cdn-msp3.jmapinodeudzn.net/media/photos/1449366/00023.webp] → [C:/Users/Q/Desktop/jmcomic-web/downloads/1449366/1449366/00023.jpg]
[2026-07-21 20:15:19] [download_by_image_detail_thread_pool_executor_23]:【image.before】图片准备下载: 1449366/00024.webp [24/38], [https://cdn-msp3.jmapinodeudzn.net/media/photos/1449366/00024.webp] → [C:/Users/Q/Desktop/jmcomic-web/downloads/1449366/1449366/00024.jpg]
[2026-07-21 20:15:19] [download_by_image_detail_thread_pool_executor_24]:【image.before】图片准备下载: 1449366/00025.webp [25/38], [https://cdn-msp3.jmapinodeudzn.net/media/photos/1449366/00025.webp] → [C:/Users/Q/Desktop/jmcomic-web/downloads/1449366/1449366/00025.jpg]
[2026-07-21 20:15:19] [download_by_image_detail_thread_pool_executor_26]:【image.before】图片准备下载: 1449366/00027.webp [27/38], [https://cdn-msp3.jmapinodeudzn.net/media/photos/1449366/00027.webp] → [C:/Users/Q/Desktop/jmcomic-web/downloads/1449366/1449366/00027.jpg]
[2026-07-21 20:15:19] [download_by_image_detail_thread_pool_executor_9]:【image.before】图片准备下载: 1449366/00010.webp [10/38], [https://cdn-msp3.jmapinodeudzn.net/media/photos/1449366/00010.webp] → [C:/Users/Q/Desktop/jmcomic-web/downloads/1449366/1449366\00010.jpg]
[2026-07-21 20:15:19] [download_by_image_detail_thread_pool_executor_28]:【image.before】图片准备下载: 1449366/00029.webp [29/38], [https://cdn-msp3.jmapinodeudzn.net/media/photos/1449366/00029.webp] → [C:/Users/Q/Desktop/jmcomic-web/downloads/1449366/1449366/00029.jpg]
[2026-07-21 20:15:19] [download_by_image_detail_thread_pool_executor_25]:【image.before】图片准备下载: 1449366/00026.webp [26/38], [https://cdn-msp3.jmapinodeudzn.net/media/photos/1449366/00026.webp] → [C:/Users/Q/Desktop/jmcomic-web/downloads/1449366/1449366/00026.jpg]
[2026-07-21 20:15:19] [download_by_image_detail_thread_pool_executor_8]:【image.before】图片准备下载: 1449366/00009.webp [9/38], [https://cdn-msp3.jmapinodeudzn.net/media/photos/1449366/00009.webp] → [C:/Users/Q/Desktop/jmcomic-web/downloads/1449366/1449366\00009.jpg]
[2026-07-21 20:15:19] [download_by_image_detail_thread_pool_executor_27]:【image.before】图片准备下载: 1449366/00028.webp [28/38], [https://cdn-msp3.jmapinodeudzn.net/media/photos/1449366/00028.webp] → [C:/Users/Q/Desktop/jmcomic-web/downloads/1449366/1449366/00028.jpg]
[2026-07-21 20:15:19] [download_by_image_detail_thread_pool_executor_29]:【image.before】图片准备下载: 1449366/00030.webp [30/38], [https://cdn-msp3.jmapinodeudzn.net/media/photos/1449366/00030.webp] → [C:/Users/Q/Desktop/jmcomic-web/downloads/1449366/1449366/00030.jpg]
[2026-07-21 20:15:19] [download_by_image_detail_thread_pool_executor_10]:【image.before】图片准备下载: 1449366/00011.webp [11/38], [https://cdn-msp3.jmapinodeudzn.net/media/photos/1449366/00011.webp] → [C:/Users/Q/Desktop/jmcomic-web/downloads/1449366/1449366\00011.jpg]
[2026-07-21 20:15:20] [download_by_image_detail_thread_pool_executor_0]:【image.after】图片下载完成: 1449366/00001.webp [1/38], [https://cdn-msp3.jmapinodeudzn.net/media/photos/1449366/00001.webp] → [C:/Users/Q/Desktop/jmcomic-web/downloads/1449366/1449366\00001.jpg]
[2026-07-21 20:15:20] [download_by_image_detail_thread_pool_executor_0]:【image.before】图片准备下载: 1449366/00031.webp [31/38], [https://cdn-msp3.jmapinodeudzn.net/media/photos/1449366/00031.webp] → [C:/Users/Q/Desktop/jmcomic-web/downloads/1449366/1449366/00031.jpg]
[2026-07-21 20:15:20] [download_by_image_detail_thread_pool_executor_12]:【image.after】图片下载完成: 1449366/00013.webp [13/38], [https://cdn-msp3.jmapinodeudzn.net/media/photos/1449366/00013.webp] → [C:/Users/Q/Desktop/jmcomic-web/downloads/1449366/1449366\00013.jpg]
[2026-07-21 20:15:20] [download_by_image_detail_thread_pool_executor_7]:【image.after】图片下载完成: 1449366/00008.webp [8/38], [https://cdn-msp3.jmapinodeudzn.net/media/photos/1449366/00008.webp] → [C:/Users/Q/Desktop/jmcomic-web/downloads/1449366/1449366\00008.jpg]
[2026-07-21 20:15:20] [download_by_image_detail_thread_pool_executor_12]:【image.before】图片准备下载: 1449366/00032.webp [32/38], [https://cdn-msp3.jmapinodeudzn.net/media/photos/1449366/00032.webp] → [C:/Users/Q/Desktop/jmcomic-web/downloads/1449366/1449366/00032.jpg]
[2026-07-21 20:15:20] [download_by_image_detail_thread_pool_executor_7]:【image.before】图片准备下载: 1449366/00033.webp [33/38], [https://cdn-msp3.jmapinodeudzn.net/media/photos/1449366/00033.webp] → [C:/Users/Q/Desktop/jmcomic-web/downloads/1449366/1449366/00033.jpg]
[2026-07-21 20:15:20] [download_by_image_detail_thread_pool_executor_13]:【image.after】图片下载完成: 1449366/00014.webp [14/38], [https://cdn-msp3.jmapinodeudzn.net/media/photos/1449366/00014.webp] → [C:/Users/Q/Desktop/jmcomic-web/downloads/1449366/1449366\00014.jpg]
[2026-07-21 20:15:20] [download_by_image_detail_thread_pool_executor_13]:【image.before】图片准备下载: 1449366/00034.webp [34/38], [https://cdn-msp3.jmapinodeudzn.net/media/photos/1449366/00034.webp] → [C:/Users/Q/Desktop/jmcomic-web/downloads/1449366/1449366/00034.jpg]
[2026-07-21 20:15:20] [download_by_image_detail_thread_pool_executor_14]:【image.after】图片下载完成: 1449366/00015.webp [15/38], [https://cdn-msp3.jmapinodeudzn.net/media/photos/1449366/00015.webp] → [C:/Users/Q/Desktop/jmcomic-web/downloads/1449366/1449366\00015.jpg]
[2026-07-21 20:15:20] [download_by_image_detail_thread_pool_executor_14]:【image.before】图片准备下载: 1449366/00035.webp [35/38], [https://cdn-msp3.jmapinodeudzn.net/media/photos/1449366/00035.webp] → [C:/Users/Q/Desktop/jmcomic-web/downloads/1449366/1449366/00035.jpg]
[2026-07-21 20:15:20] [download_by_image_detail_thread_pool_executor_15]:【image.after】图片下载完成: 1449366/00016.webp [16/38], [https://cdn-msp3.jmapinodeudzn.net/media/photos/1449366/00016.webp] → [C:/Users/Q/Desktop/jmcomic-web/downloads/1449366/1449366\00016.jpg]
[2026-07-21 20:15:20] [download_by_image_detail_thread_pool_executor_15]:【image.before】图片准备下载: 1449366/00036.webp [36/38], [https://cdn-msp3.jmapinodeudzn.net/media/photos/1449366/00036.webp] → [C:/Users/Q/Desktop/jmcomic-web/downloads/1449366/1449366/00036.jpg]
[2026-07-21 20:15:21] [download_by_image_detail_thread_pool_executor_10]:【image.after】图片下载完成: 1449366/00011.webp [11/38], [https://cdn-msp3.jmapinodeudzn.net/media/photos/1449366/00011.webp] → [C:/Users/Q/Desktop/jmcomic-web/downloads/1449366/1449366\00011.jpg]
[2026-07-21 20:15:21] [download_by_image_detail_thread_pool_executor_11]:【image.after】图片下载完成: 1449366/00012.webp [12/38], [https://cdn-msp3.jmapinodeudzn.net/media/photos/1449366/00012.webp] → [C:/Users/Q/Desktop/jmcomic-web/downloads/1449366/1449366\00012.jpg]
[2026-07-21 20:15:21] [download_by_image_detail_thread_pool_executor_10]:【image.before】图片准备下载: 1449366/00037.webp [37/38], [https://cdn-msp3.jmapinodeudzn.net/media/photos/1449366/00037.webp] → [C:/Users/Q/Desktop/jmcomic-web/downloads/1449366/1449366/00037.jpg]
[2026-07-21 20:15:21] [download_by_image_detail_thread_pool_executor_11]:【image.before】图片准备下载: 1449366/00038.webp [38/38], [https://cdn-msp3.jmapinodeudzn.net/media/photos/1449366/00038.webp] → [C:/Users/Q/Desktop/jmcomic-web/downloads/1449366/1449366/00038.jpg]
[2026-07-21 20:15:21] [download_by_image_detail_thread_pool_executor_3]:【image.after】图片下载完成: 1449366/00004.webp [4/38], [https://cdn-msp3.jmapinodeudzn.net/media/photos/1449366/00004.webp] → [C:/Users/Q/Desktop/jmcomic-web/downloads/1449366/1449366\00004.jpg]
[2026-07-21 20:15:21] [download_by_image_detail_thread_pool_executor_25]:【image.after】图片下载完成: 1449366/00026.webp [26/38], [https://cdn-msp3.jmapinodeudzn.net/media/photos/1449366/00026.webp] → [C:/Users/Q/Desktop/jmcomic-web/downloads/1449366/1449366/00026.jpg]
[2026-07-21 20:15:21] [download_by_image_detail_thread_pool_executor_6]:【image.after】图片下载完成: 1449366/00007.webp [7/38], [https://cdn-msp3.jmapinodeudzn.net/media/photos/1449366/00007.webp] → [C:/Users/Q/Desktop/jmcomic-web/downloads/1449366/1449366\00007.jpg]
[2026-07-21 20:15:21] [download_by_image_detail_thread_pool_executor_17]:【image.after】图片下载完成: 1449366/00018.webp [18/38], [https://cdn-msp3.jmapinodeudzn.net/media/photos/1449366/00018.webp] → [C:/Users/Q/Desktop/jmcomic-web/downloads/1449366/1449366\00018.jpg]
[2026-07-21 20:15:21] [download_by_image_detail_thread_pool_executor_21]:【image.after】图片下载完成: 1449366/00022.webp [22/38], [https://cdn-msp3.jmapinodeudzn.net/media/photos/1449366/00022.webp] → [C:/Users/Q/Desktop/jmcomic-web/downloads/1449366/1449366/00022.jpg]
[2026-07-21 20:15:21] [download_by_image_detail_thread_pool_executor_16]:【image.after】图片下载完成: 1449366/00017.webp [17/38], [https://cdn-msp3.jmapinodeudzn.net/media/photos/1449366/00017.webp] → [C:/Users/Q/Desktop/jmcomic-web/downloads/1449366/1449366\00017.jpg]
[2026-07-21 20:15:21] [download_by_image_detail_thread_pool_executor_8]:【image.after】图片下载完成: 1449366/00009.webp [9/38], [https://cdn-msp3.jmapinodeudzn.net/media/photos/1449366/00009.webp] → [C:/Users/Q/Desktop/jmcomic-web/downloads/1449366/1449366\00009.jpg]
[2026-07-21 20:15:21] [download_by_image_detail_thread_pool_executor_5]:【image.after】图片下载完成: 1449366/00006.webp [6/38], [https://cdn-msp3.jmapinodeudzn.net/media/photos/1449366/00006.webp] → [C:/Users/Q/Desktop/jmcomic-web/downloads/1449366/1449366\00006.jpg]
[2026-07-21 20:15:21] [download_by_image_detail_thread_pool_executor_4]:【image.after】图片下载完成: 1449366/00005.webp [5/38], [https://cdn-msp3.jmapinodeudzn.net/media/photos/1449366/00005.webp] → [C:/Users/Q/Desktop/jmcomic-web/downloads/1449366/1449366\00005.jpg]
[2026-07-21 20:15:21] [download_by_image_detail_thread_pool_executor_9]:【image.after】图片下载完成: 1449366/00010.webp [10/38], [https://cdn-msp3.jmapinodeudzn.net/media/photos/1449366/00010.webp] → [C:/Users/Q/Desktop/jmcomic-web/downloads/1449366/1449366\00010.jpg]
[2026-07-21 20:15:21] [download_by_image_detail_thread_pool_executor_20]:【image.after】图片下载完成: 1449366/00021.webp [21/38], [https://cdn-msp3.jmapinodeudzn.net/media/photos/1449366/00021.webp] → [C:/Users/Q/Desktop/jmcomic-web/downloads/1449366/1449366/00021.jpg]
[2026-07-21 20:15:21] [download_by_image_detail_thread_pool_executor_19]:【image.after】图片下载完成: 1449366/00020.webp [20/38], [https://cdn-msp3.jmapinodeudzn.net/media/photos/1449366/00020.webp] → [C:/Users/Q/Desktop/jmcomic-web/downloads/1449366/1449366/00020.jpg]
[2026-07-21 20:15:21] [download_by_image_detail_thread_pool_executor_2]:【image.after】图片下载完成: 1449366/00003.webp [3/38], [https://cdn-msp3.jmapinodeudzn.net/media/photos/1449366/00003.webp] → [C:/Users/Q/Desktop/jmcomic-web/downloads/1449366/1449366\00003.jpg]
[2026-07-21 20:15:21] [download_by_image_detail_thread_pool_executor_1]:【image.after】图片下载完成: 1449366/00002.webp [2/38], [https://cdn-msp3.jmapinodeudzn.net/media/photos/1449366/00002.webp] → [C:/Users/Q/Desktop/jmcomic-web/downloads/1449366/1449366\00002.jpg]
[2026-07-21 20:15:21] [download_by_image_detail_thread_pool_executor_26]:【image.after】图片下载完成: 1449366/00027.webp [27/38], [https://cdn-msp3.jmapinodeudzn.net/media/photos/1449366/00027.webp] → [C:/Users/Q/Desktop/jmcomic-web/downloads/1449366/1449366/00027.jpg]
[2026-07-21 20:15:21] [download_by_image_detail_thread_pool_executor_28]:【image.after】图片下载完成: 1449366/00029.webp [29/38], [https://cdn-msp3.jmapinodeudzn.net/media/photos/1449366/00029.webp] → [C:/Users/Q/Desktop/jmcomic-web/downloads/1449366/1449366/00029.jpg]
[2026-07-21 20:15:21] [download_by_image_detail_thread_pool_executor_23]:【image.after】图片下载完成: 1449366/00024.webp [24/38], [https://cdn-msp3.jmapinodeudzn.net/media/photos/1449366/00024.webp] → [C:/Users/Q/Desktop/jmcomic-web/downloads/1449366/1449366/00024.jpg]
[2026-07-21 20:15:21] [download_by_image_detail_thread_pool_executor_22]:【image.after】图片下载完成: 1449366/00023.webp [23/38], [https://cdn-msp3.jmapinodeudzn.net/media/photos/1449366/00023.webp] → [C:/Users/Q/Desktop/jmcomic-web/downloads/1449366/1449366/00023.jpg]
[2026-07-21 20:15:21] [download_by_image_detail_thread_pool_executor_24]:【image.after】图片下载完成: 1449366/00025.webp [25/38], [https://cdn-msp3.jmapinodeudzn.net/media/photos/1449366/00025.webp] → [C:/Users/Q/Desktop/jmcomic-web/downloads/1449366/1449366/00025.jpg]
[2026-07-21 20:15:21] [download_by_image_detail_thread_pool_executor_29]:【image.after】图片下载完成: 1449366/00030.webp [30/38], [https://cdn-msp3.jmapinodeudzn.net/media/photos/1449366/00030.webp] → [C:/Users/Q/Desktop/jmcomic-web/downloads/1449366/1449366/00030.jpg]
[2026-07-21 20:15:21] [download_by_image_detail_thread_pool_executor_18]:【image.after】图片下载完成: 1449366/00019.webp [19/38], [https://cdn-msp3.jmapinodeudzn.net/media/photos/1449366/00019.webp] → [C:/Users/Q/Desktop/jmcomic-web/downloads/1449366/1449366/00019.jpg]
[2026-07-21 20:15:21] [download_by_image_detail_thread_pool_executor_27]:【image.after】图片下载完成: 1449366/00028.webp [28/38], [https://cdn-msp3.jmapinodeudzn.net/media/photos/1449366/00028.webp] → [C:/Users/Q/Desktop/jmcomic-web/downloads/1449366/1449366/00028.jpg]
[2026-07-21 20:15:22] [download_by_image_detail_thread_pool_executor_12]:【image.after】图片下载完成: 1449366/00032.webp [32/38], [https://cdn-msp3.jmapinodeudzn.net/media/photos/1449366/00032.webp] → [C:/Users/Q/Desktop/jmcomic-web/downloads/1449366/1449366/00032.jpg]
[2026-07-21 20:15:22] [download_by_image_detail_thread_pool_executor_14]:【image.after】图片下载完成: 1449366/00035.webp [35/38], [https://cdn-msp3.jmapinodeudzn.net/media/photos/1449366/00035.webp] → [C:/Users/Q/Desktop/jmcomic-web/downloads/1449366/1449366/00035.jpg]
[2026-07-21 20:15:22] [download_by_image_detail_thread_pool_executor_7]:【image.after】图片下载完成: 1449366/00033.webp [33/38], [https://cdn-msp3.jmapinodeudzn.net/media/photos/1449366/00033.webp] → [C:/Users/Q/Desktop/jmcomic-web/downloads/1449366/1449366/00033.jpg]
[2026-07-21 20:15:22] [download_by_image_detail_thread_pool_executor_13]:【image.after】图片下载完成: 1449366/00034.webp [34/38], [https://cdn-msp3.jmapinodeudzn.net/media/photos/1449366/00034.webp] → [C:/Users/Q/Desktop/jmcomic-web/downloads/1449366/1449366/00034.jpg]
[2026-07-21 20:15:22] [download_by_image_detail_thread_pool_executor_10]:【image.after】图片下载完成: 1449366/00037.webp [37/38], [https://cdn-msp3.jmapinodeudzn.net/media/photos/1449366/00037.webp] → [C:/Users/Q/Desktop/jmcomic-web/downloads/1449366/1449366/00037.jpg]
[2026-07-21 20:15:22] [download_by_image_detail_thread_pool_executor_11]:【image.after】图片下载完成: 1449366/00038.webp [38/38], [https://cdn-msp3.jmapinodeudzn.net/media/photos/1449366/00038.webp] → [C:/Users/Q/Desktop/jmcomic-web/downloads/1449366/1449366/00038.jpg]
[2026-07-21 20:15:22] [download_by_image_detail_thread_pool_executor_15]:【image.after】图片下载完成: 1449366/00036.webp [36/38], [https://cdn-msp3.jmapinodeudzn.net/media/photos/1449366/00036.webp] → [C:/Users/Q/Desktop/jmcomic-web/downloads/1449366/1449366/00036.jpg]
[2026-07-21 20:15:22] [download_by_image_detail_thread_pool_executor_0]:【image.after】图片下载完成: 1449366/00031.webp [31/38], [https://cdn-msp3.jmapinodeudzn.net/media/photos/1449366/00031.webp] → [C:/Users/Q/Desktop/jmcomic-web/downloads/1449366/1449366/00031.jpg]
[2026-07-21 20:15:22] [Thread-1 (download_by_photo_detail)]:【photo.after】章节下载完成: [1449366] (1449366[1/1])
[2026-07-21 20:15:22] [MainThread]:【album.after】本子下载完成: [1449366]
共 1 章, 38 页
生成: C:\Users\Q\Desktop\jmcomic-web\downloads\[白土]ふたなり体验教练 (1449366)\[白土]ふたなり体验教练 (1449366).cbz
完成记录: 1449366
====================
全部任务结束
====================
